<?xml version="1.0" encoding="UTF-8"?>
<!-- Generated by org.testng.reporters.JUnitReportReporter -->
<testsuite hostname="LAPTOP-C934F65Q" failures="0" tests="4" name="tests.LoginTest" time="4.776" errors="4" timestamp="2020-06-11T20:35:08 IST" skipped="0">
  <testcase classname="tests.LoginTest" name="validLogin" time="1.268">
    <error message="element click intercepted: Element &lt;a data-click-key=&quot;common.page_header.click.header_right_nav_button&quot; data-click-value=&quot;{&amp;quot;href&amp;quot;:{&amp;quot;pathname&amp;quot;:&amp;quot;/&amp;quot;,&amp;quot;query&amp;quot;:{&amp;quot;authMode&amp;quot;:&amp;quot;login&amp;quot;}},&amp;quot;name&amp;quot;:&amp;quot;login&amp;quot;,&amp;quot;namespace&amp;quot;:{&amp;quot;action&amp;quot;:&amp;quot;click&amp;quot;,&amp;quot;app&amp;quot;:&amp;quot;common&amp;quot;,&amp;quot;component&amp;quot;:&amp;quot;header_right_nav_button&amp;quot;,&amp;quot;page&amp;quot;:&amp;quot;page_header&amp;quot;},&amp;quot;schema_type&amp;quot;:&amp;quot;FRONTEND&amp;quot;}&quot; data-track=&quot;true&quot; data-track-app=&quot;common&quot; data-track-page=&quot;page_header&quot; data-track-action=&quot;click&quot; data-track-component=&quot;header_right_nav_button&quot; data-track-href=&quot;[object Object]&quot; href=&quot;/?authMode=login&quot; class=&quot;&quot; role=&quot;menuitem&quot; rel=&quot;&quot;&gt;...&lt;/a&gt; is not clickable at point (1174, 32). Other element would receive the click: &lt;div class=&quot;c-modal-content&quot;&gt;...&lt;/div&gt;
  (Session info: chrome=83.0.4103.97)
Build info: version: &#039;3.141.59&#039;, revision: &#039;e82be7d358&#039;, time: &#039;2018-11-14T08:17:03&#039;
System info: host: &#039;LAPTOP-C934F65Q&#039;, ip: &#039;192.168.43.49&#039;, os.name: &#039;Windows 10&#039;, os.arch: &#039;amd64&#039;, os.version: &#039;10.0&#039;, java.version: &#039;13.0.2&#039;
Driver info: org.openqa.selenium.chrome.ChromeDriver
Capabilities {acceptInsecureCerts: false, browserName: chrome, browserVersion: 83.0.4103.97, chrome: {chromedriverVersion: 83.0.4103.39 (ccbf011cb2d2b..., userDataDir: C:\Users\swath\AppData\Loca...}, goog:chromeOptions: {debuggerAddress: localhost:62310}, javascriptEnabled: true, networkConnectionEnabled: false, pageLoadStrategy: normal, platform: WINDOWS, platformName: WINDOWS, proxy: Proxy(), setWindowRect: true, strictFileInteractability: false, timeouts: {implicit: 0, pageLoad: 300000, script: 30000}, unhandledPromptBehavior: dismiss and notify, webauthn:virtualAuthenticators: true}
Session ID: 4893d50bf984945492ab4ad274ea5f3f" type="org.openqa.selenium.ElementClickInterceptedException">
      <![CDATA[org.openqa.selenium.ElementClickInterceptedException: element click intercepted: Element <a data-click-key="common.page_header.click.header_right_nav_button" data-click-value="{&quot;href&quot;:{&quot;pathname&quot;:&quot;/&quot;,&quot;query&quot;:{&quot;authMode&quot;:&quot;login&quot;}},&quot;name&quot;:&quot;login&quot;,&quot;namespace&quot;:{&quot;action&quot;:&quot;click&quot;,&quot;app&quot;:&quot;common&quot;,&quot;component&quot;:&quot;header_right_nav_button&quot;,&quot;page&quot;:&quot;page_header&quot;},&quot;schema_type&quot;:&quot;FRONTEND&quot;}" data-track="true" data-track-app="common" data-track-page="page_header" data-track-action="click" data-track-component="header_right_nav_button" data-track-href="[object Object]" href="/?authMode=login" class="" role="menuitem" rel="">...</a> is not clickable at point (1174, 32). Other element would receive the click: <div class="c-modal-content">...</div>
  (Session info: chrome=83.0.4103.97)
Build info: version: '3.141.59', revision: 'e82be7d358', time: '2018-11-14T08:17:03'
System info: host: 'LAPTOP-C934F65Q', ip: '192.168.43.49', os.name: 'Windows 10', os.arch: 'amd64', os.version: '10.0', java.version: '13.0.2'
Driver info: org.openqa.selenium.chrome.ChromeDriver
Capabilities {acceptInsecureCerts: false, browserName: chrome, browserVersion: 83.0.4103.97, chrome: {chromedriverVersion: 83.0.4103.39 (ccbf011cb2d2b..., userDataDir: C:\Users\swath\AppData\Loca...}, goog:chromeOptions: {debuggerAddress: localhost:62310}, javascriptEnabled: true, networkConnectionEnabled: false, pageLoadStrategy: normal, platform: WINDOWS, platformName: WINDOWS, proxy: Proxy(), setWindowRect: true, strictFileInteractability: false, timeouts: {implicit: 0, pageLoad: 300000, script: 30000}, unhandledPromptBehavior: dismiss and notify, webauthn:virtualAuthenticators: true}
Session ID: 4893d50bf984945492ab4ad274ea5f3f
at java.base/jdk.internal.reflect.NativeConstructorAccessorImpl.newInstance0(Native Method)
at java.base/jdk.internal.reflect.NativeConstructorAccessorImpl.newInstance(NativeConstructorAccessorImpl.java:62)
at java.base/jdk.internal.reflect.DelegatingConstructorAccessorImpl.newInstance(DelegatingConstructorAccessorImpl.java:45)
at java.base/java.lang.reflect.Constructor.newInstanceWithCaller(Constructor.java:500)
at java.base/java.lang.reflect.Constructor.newInstance(Constructor.java:481)
at org.openqa.selenium.remote.http.W3CHttpResponseCodec.createException(W3CHttpResponseCodec.java:187)
at org.openqa.selenium.remote.http.W3CHttpResponseCodec.decode(W3CHttpResponseCodec.java:122)
at org.openqa.selenium.remote.http.W3CHttpResponseCodec.decode(W3CHttpResponseCodec.java:49)
at org.openqa.selenium.remote.HttpCommandExecutor.execute(HttpCommandExecutor.java:158)
at org.openqa.selenium.remote.service.DriverCommandExecutor.execute(DriverCommandExecutor.java:83)
at org.openqa.selenium.remote.RemoteWebDriver.execute(RemoteWebDriver.java:552)
at org.openqa.selenium.remote.RemoteWebElement.execute(RemoteWebElement.java:285)
at org.openqa.selenium.remote.RemoteWebElement.click(RemoteWebElement.java:84)
at webPages.LoginPage.loginViaUN_PASS(LoginPage.java:16)
at tests.LoginTest.validLogin(LoginTest.java:29)
at java.base/jdk.internal.reflect.NativeMethodAccessorImpl.invoke0(Native Method)
at java.base/jdk.internal.reflect.NativeMethodAccessorImpl.invoke(NativeMethodAccessorImpl.java:62)
at java.base/jdk.internal.reflect.DelegatingMethodAccessorImpl.invoke(DelegatingMethodAccessorImpl.java:43)
at java.base/java.lang.reflect.Method.invoke(Method.java:567)
at org.testng.internal.MethodInvocationHelper.invokeMethod(MethodInvocationHelper.java:135)
at org.testng.internal.TestInvoker.invokeMethod(TestInvoker.java:598)
at org.testng.internal.TestInvoker.invokeTestMethod(TestInvoker.java:174)
at org.testng.internal.MethodRunner.runInSequence(MethodRunner.java:46)
at org.testng.internal.TestInvoker$MethodInvocationAgent.invoke(TestInvoker.java:821)
at org.testng.internal.TestInvoker.invokeTestMethods(TestInvoker.java:147)
at org.testng.internal.TestMethodWorker.invokeTestMethods(TestMethodWorker.java:146)
at org.testng.internal.TestMethodWorker.run(TestMethodWorker.java:128)
at java.base/java.util.ArrayList.forEach(ArrayList.java:1507)
at org.testng.TestRunner.privateRun(TestRunner.java:767)
at org.testng.TestRunner.run(TestRunner.java:588)
at org.testng.SuiteRunner.runTest(SuiteRunner.java:384)
at org.testng.SuiteRunner.runSequentially(SuiteRunner.java:378)
at org.testng.SuiteRunner.privateRun(SuiteRunner.java:337)
at org.testng.SuiteRunner.run(SuiteRunner.java:286)
at org.testng.SuiteRunnerWorker.runSuite(SuiteRunnerWorker.java:53)
at org.testng.SuiteRunnerWorker.run(SuiteRunnerWorker.java:96)
at org.testng.TestNG.runSuitesSequentially(TestNG.java:1214)
at org.testng.TestNG.runSuitesLocally(TestNG.java:1136)
at org.testng.TestNG.runSuites(TestNG.java:1066)
at org.testng.TestNG.run(TestNG.java:1034)
at org.testng.remote.AbstractRemoteTestNG.run(AbstractRemoteTestNG.java:115)
at org.testng.remote.RemoteTestNG.initAndRun(RemoteTestNG.java:251)
at org.testng.remote.RemoteTestNG.main(RemoteTestNG.java:77)
]]>
    </error>
  </testcase> <!-- validLogin -->
  <system-out/>
  <testcase classname="tests.LoginTest" name="invalidLogin1" time="1.179">
    <error message="element click intercepted: Element &lt;a data-click-key=&quot;common.page_header.click.header_right_nav_button&quot; data-click-value=&quot;{&amp;quot;href&amp;quot;:{&amp;quot;pathname&amp;quot;:&amp;quot;/&amp;quot;,&amp;quot;query&amp;quot;:{&amp;quot;authMode&amp;quot;:&amp;quot;login&amp;quot;}},&amp;quot;name&amp;quot;:&amp;quot;login&amp;quot;,&amp;quot;namespace&amp;quot;:{&amp;quot;action&amp;quot;:&amp;quot;click&amp;quot;,&amp;quot;app&amp;quot;:&amp;quot;common&amp;quot;,&amp;quot;component&amp;quot;:&amp;quot;header_right_nav_button&amp;quot;,&amp;quot;page&amp;quot;:&amp;quot;page_header&amp;quot;},&amp;quot;schema_type&amp;quot;:&amp;quot;FRONTEND&amp;quot;}&quot; data-track=&quot;true&quot; data-track-app=&quot;common&quot; data-track-page=&quot;page_header&quot; data-track-action=&quot;click&quot; data-track-component=&quot;header_right_nav_button&quot; data-track-href=&quot;[object Object]&quot; href=&quot;/?authMode=login&quot; class=&quot;&quot; role=&quot;menuitem&quot; rel=&quot;&quot;&gt;...&lt;/a&gt; is not clickable at point (1174, 32). Other element would receive the click: &lt;div class=&quot;c-modal-content&quot;&gt;...&lt;/div&gt;
  (Session info: chrome=83.0.4103.97)
Build info: version: &#039;3.141.59&#039;, revision: &#039;e82be7d358&#039;, time: &#039;2018-11-14T08:17:03&#039;
System info: host: &#039;LAPTOP-C934F65Q&#039;, ip: &#039;192.168.43.49&#039;, os.name: &#039;Windows 10&#039;, os.arch: &#039;amd64&#039;, os.version: &#039;10.0&#039;, java.version: &#039;13.0.2&#039;
Driver info: org.openqa.selenium.chrome.ChromeDriver
Capabilities {acceptInsecureCerts: false, browserName: chrome, browserVersion: 83.0.4103.97, chrome: {chromedriverVersion: 83.0.4103.39 (ccbf011cb2d2b..., userDataDir: C:\Users\swath\AppData\Loca...}, goog:chromeOptions: {debuggerAddress: localhost:62310}, javascriptEnabled: true, networkConnectionEnabled: false, pageLoadStrategy: normal, platform: WINDOWS, platformName: WINDOWS, proxy: Proxy(), setWindowRect: true, strictFileInteractability: false, timeouts: {implicit: 0, pageLoad: 300000, script: 30000}, unhandledPromptBehavior: dismiss and notify, webauthn:virtualAuthenticators: true}
Session ID: 4893d50bf984945492ab4ad274ea5f3f" type="org.openqa.selenium.ElementClickInterceptedException">
      <![CDATA[org.openqa.selenium.ElementClickInterceptedException: element click intercepted: Element <a data-click-key="common.page_header.click.header_right_nav_button" data-click-value="{&quot;href&quot;:{&quot;pathname&quot;:&quot;/&quot;,&quot;query&quot;:{&quot;authMode&quot;:&quot;login&quot;}},&quot;name&quot;:&quot;login&quot;,&quot;namespace&quot;:{&quot;action&quot;:&quot;click&quot;,&quot;app&quot;:&quot;common&quot;,&quot;component&quot;:&quot;header_right_nav_button&quot;,&quot;page&quot;:&quot;page_header&quot;},&quot;schema_type&quot;:&quot;FRONTEND&quot;}" data-track="true" data-track-app="common" data-track-page="page_header" data-track-action="click" data-track-component="header_right_nav_button" data-track-href="[object Object]" href="/?authMode=login" class="" role="menuitem" rel="">...</a> is not clickable at point (1174, 32). Other element would receive the click: <div class="c-modal-content">...</div>
  (Session info: chrome=83.0.4103.97)
Build info: version: '3.141.59', revision: 'e82be7d358', time: '2018-11-14T08:17:03'
System info: host: 'LAPTOP-C934F65Q', ip: '192.168.43.49', os.name: 'Windows 10', os.arch: 'amd64', os.version: '10.0', java.version: '13.0.2'
Driver info: org.openqa.selenium.chrome.ChromeDriver
Capabilities {acceptInsecureCerts: false, browserName: chrome, browserVersion: 83.0.4103.97, chrome: {chromedriverVersion: 83.0.4103.39 (ccbf011cb2d2b..., userDataDir: C:\Users\swath\AppData\Loca...}, goog:chromeOptions: {debuggerAddress: localhost:62310}, javascriptEnabled: true, networkConnectionEnabled: false, pageLoadStrategy: normal, platform: WINDOWS, platformName: WINDOWS, proxy: Proxy(), setWindowRect: true, strictFileInteractability: false, timeouts: {implicit: 0, pageLoad: 300000, script: 30000}, unhandledPromptBehavior: dismiss and notify, webauthn:virtualAuthenticators: true}
Session ID: 4893d50bf984945492ab4ad274ea5f3f
at java.base/jdk.internal.reflect.NativeConstructorAccessorImpl.newInstance0(Native Method)
at java.base/jdk.internal.reflect.NativeConstructorAccessorImpl.newInstance(NativeConstructorAccessorImpl.java:62)
at java.base/jdk.internal.reflect.DelegatingConstructorAccessorImpl.newInstance(DelegatingConstructorAccessorImpl.java:45)
at java.base/java.lang.reflect.Constructor.newInstanceWithCaller(Constructor.java:500)
at java.base/java.lang.reflect.Constructor.newInstance(Constructor.java:481)
at org.openqa.selenium.remote.http.W3CHttpResponseCodec.createException(W3CHttpResponseCodec.java:187)
at org.openqa.selenium.remote.http.W3CHttpResponseCodec.decode(W3CHttpResponseCodec.java:122)
at org.openqa.selenium.remote.http.W3CHttpResponseCodec.decode(W3CHttpResponseCodec.java:49)
at org.openqa.selenium.remote.HttpCommandExecutor.execute(HttpCommandExecutor.java:158)
at org.openqa.selenium.remote.service.DriverCommandExecutor.execute(DriverCommandExecutor.java:83)
at org.openqa.selenium.remote.RemoteWebDriver.execute(RemoteWebDriver.java:552)
at org.openqa.selenium.remote.RemoteWebElement.execute(RemoteWebElement.java:285)
at org.openqa.selenium.remote.RemoteWebElement.click(RemoteWebElement.java:84)
at webPages.LoginPage.loginViaUN_PASS(LoginPage.java:16)
at tests.LoginTest.invalidLogin1(LoginTest.java:43)
at java.base/jdk.internal.reflect.NativeMethodAccessorImpl.invoke0(Native Method)
at java.base/jdk.internal.reflect.NativeMethodAccessorImpl.invoke(NativeMethodAccessorImpl.java:62)
at java.base/jdk.internal.reflect.DelegatingMethodAccessorImpl.invoke(DelegatingMethodAccessorImpl.java:43)
at java.base/java.lang.reflect.Method.invoke(Method.java:567)
at org.testng.internal.MethodInvocationHelper.invokeMethod(MethodInvocationHelper.java:135)
at org.testng.internal.TestInvoker.invokeMethod(TestInvoker.java:598)
at org.testng.internal.TestInvoker.invokeTestMethod(TestInvoker.java:174)
at org.testng.internal.MethodRunner.runInSequence(MethodRunner.java:46)
at org.testng.internal.TestInvoker$MethodInvocationAgent.invoke(TestInvoker.java:821)
at org.testng.internal.TestInvoker.invokeTestMethods(TestInvoker.java:147)
at org.testng.internal.TestMethodWorker.invokeTestMethods(TestMethodWorker.java:146)
at org.testng.internal.TestMethodWorker.run(TestMethodWorker.java:128)
at java.base/java.util.ArrayList.forEach(ArrayList.java:1507)
at org.testng.TestRunner.privateRun(TestRunner.java:767)
at org.testng.TestRunner.run(TestRunner.java:588)
at org.testng.SuiteRunner.runTest(SuiteRunner.java:384)
at org.testng.SuiteRunner.runSequentially(SuiteRunner.java:378)
at org.testng.SuiteRunner.privateRun(SuiteRunner.java:337)
at org.testng.SuiteRunner.run(SuiteRunner.java:286)
at org.testng.SuiteRunnerWorker.runSuite(SuiteRunnerWorker.java:53)
at org.testng.SuiteRunnerWorker.run(SuiteRunnerWorker.java:96)
at org.testng.TestNG.runSuitesSequentially(TestNG.java:1214)
at org.testng.TestNG.runSuitesLocally(TestNG.java:1136)
at org.testng.TestNG.runSuites(TestNG.java:1066)
at org.testng.TestNG.run(TestNG.java:1034)
at org.testng.remote.AbstractRemoteTestNG.run(AbstractRemoteTestNG.java:115)
at org.testng.remote.RemoteTestNG.initAndRun(RemoteTestNG.java:251)
at org.testng.remote.RemoteTestNG.main(RemoteTestNG.java:77)
]]>
    </error>
  </testcase> <!-- invalidLogin1 -->
  <system-out/>
  <testcase classname="tests.LoginTest" name="invalidLogin2" time="1.147">
    <error message="element click intercepted: Element &lt;a data-click-key=&quot;common.page_header.click.header_right_nav_button&quot; data-click-value=&quot;{&amp;quot;href&amp;quot;:{&amp;quot;pathname&amp;quot;:&amp;quot;/&amp;quot;,&amp;quot;query&amp;quot;:{&amp;quot;authMode&amp;quot;:&amp;quot;login&amp;quot;}},&amp;quot;name&amp;quot;:&amp;quot;login&amp;quot;,&amp;quot;namespace&amp;quot;:{&amp;quot;action&amp;quot;:&amp;quot;click&amp;quot;,&amp;quot;app&amp;quot;:&amp;quot;common&amp;quot;,&amp;quot;component&amp;quot;:&amp;quot;header_right_nav_button&amp;quot;,&amp;quot;page&amp;quot;:&amp;quot;page_header&amp;quot;},&amp;quot;schema_type&amp;quot;:&amp;quot;FRONTEND&amp;quot;}&quot; data-track=&quot;true&quot; data-track-app=&quot;common&quot; data-track-page=&quot;page_header&quot; data-track-action=&quot;click&quot; data-track-component=&quot;header_right_nav_button&quot; data-track-href=&quot;[object Object]&quot; href=&quot;/?authMode=login&quot; class=&quot;&quot; role=&quot;menuitem&quot; rel=&quot;&quot;&gt;...&lt;/a&gt; is not clickable at point (1174, 32). Other element would receive the click: &lt;div class=&quot;c-modal-content&quot;&gt;...&lt;/div&gt;
  (Session info: chrome=83.0.4103.97)
Build info: version: &#039;3.141.59&#039;, revision: &#039;e82be7d358&#039;, time: &#039;2018-11-14T08:17:03&#039;
System info: host: &#039;LAPTOP-C934F65Q&#039;, ip: &#039;192.168.43.49&#039;, os.name: &#039;Windows 10&#039;, os.arch: &#039;amd64&#039;, os.version: &#039;10.0&#039;, java.version: &#039;13.0.2&#039;
Driver info: org.openqa.selenium.chrome.ChromeDriver
Capabilities {acceptInsecureCerts: false, browserName: chrome, browserVersion: 83.0.4103.97, chrome: {chromedriverVersion: 83.0.4103.39 (ccbf011cb2d2b..., userDataDir: C:\Users\swath\AppData\Loca...}, goog:chromeOptions: {debuggerAddress: localhost:62310}, javascriptEnabled: true, networkConnectionEnabled: false, pageLoadStrategy: normal, platform: WINDOWS, platformName: WINDOWS, proxy: Proxy(), setWindowRect: true, strictFileInteractability: false, timeouts: {implicit: 0, pageLoad: 300000, script: 30000}, unhandledPromptBehavior: dismiss and notify, webauthn:virtualAuthenticators: true}
Session ID: 4893d50bf984945492ab4ad274ea5f3f" type="org.openqa.selenium.ElementClickInterceptedException">
      <![CDATA[org.openqa.selenium.ElementClickInterceptedException: element click intercepted: Element <a data-click-key="common.page_header.click.header_right_nav_button" data-click-value="{&quot;href&quot;:{&quot;pathname&quot;:&quot;/&quot;,&quot;query&quot;:{&quot;authMode&quot;:&quot;login&quot;}},&quot;name&quot;:&quot;login&quot;,&quot;namespace&quot;:{&quot;action&quot;:&quot;click&quot;,&quot;app&quot;:&quot;common&quot;,&quot;component&quot;:&quot;header_right_nav_button&quot;,&quot;page&quot;:&quot;page_header&quot;},&quot;schema_type&quot;:&quot;FRONTEND&quot;}" data-track="true" data-track-app="common" data-track-page="page_header" data-track-action="click" data-track-component="header_right_nav_button" data-track-href="[object Object]" href="/?authMode=login" class="" role="menuitem" rel="">...</a> is not clickable at point (1174, 32). Other element would receive the click: <div class="c-modal-content">...</div>
  (Session info: chrome=83.0.4103.97)
Build info: version: '3.141.59', revision: 'e82be7d358', time: '2018-11-14T08:17:03'
System info: host: 'LAPTOP-C934F65Q', ip: '192.168.43.49', os.name: 'Windows 10', os.arch: 'amd64', os.version: '10.0', java.version: '13.0.2'
Driver info: org.openqa.selenium.chrome.ChromeDriver
Capabilities {acceptInsecureCerts: false, browserName: chrome, browserVersion: 83.0.4103.97, chrome: {chromedriverVersion: 83.0.4103.39 (ccbf011cb2d2b..., userDataDir: C:\Users\swath\AppData\Loca...}, goog:chromeOptions: {debuggerAddress: localhost:62310}, javascriptEnabled: true, networkConnectionEnabled: false, pageLoadStrategy: normal, platform: WINDOWS, platformName: WINDOWS, proxy: Proxy(), setWindowRect: true, strictFileInteractability: false, timeouts: {implicit: 0, pageLoad: 300000, script: 30000}, unhandledPromptBehavior: dismiss and notify, webauthn:virtualAuthenticators: true}
Session ID: 4893d50bf984945492ab4ad274ea5f3f
at java.base/jdk.internal.reflect.NativeConstructorAccessorImpl.newInstance0(Native Method)
at java.base/jdk.internal.reflect.NativeConstructorAccessorImpl.newInstance(NativeConstructorAccessorImpl.java:62)
at java.base/jdk.internal.reflect.DelegatingConstructorAccessorImpl.newInstance(DelegatingConstructorAccessorImpl.java:45)
at java.base/java.lang.reflect.Constructor.newInstanceWithCaller(Constructor.java:500)
at java.base/java.lang.reflect.Constructor.newInstance(Constructor.java:481)
at org.openqa.selenium.remote.http.W3CHttpResponseCodec.createException(W3CHttpResponseCodec.java:187)
at org.openqa.selenium.remote.http.W3CHttpResponseCodec.decode(W3CHttpResponseCodec.java:122)
at org.openqa.selenium.remote.http.W3CHttpResponseCodec.decode(W3CHttpResponseCodec.java:49)
at org.openqa.selenium.remote.HttpCommandExecutor.execute(HttpCommandExecutor.java:158)
at org.openqa.selenium.remote.service.DriverCommandExecutor.execute(DriverCommandExecutor.java:83)
at org.openqa.selenium.remote.RemoteWebDriver.execute(RemoteWebDriver.java:552)
at org.openqa.selenium.remote.RemoteWebElement.execute(RemoteWebElement.java:285)
at org.openqa.selenium.remote.RemoteWebElement.click(RemoteWebElement.java:84)
at webPages.LoginPage.loginViaUN_PASS(LoginPage.java:16)
at tests.LoginTest.invalidLogin2(LoginTest.java:54)
at java.base/jdk.internal.reflect.NativeMethodAccessorImpl.invoke0(Native Method)
at java.base/jdk.internal.reflect.NativeMethodAccessorImpl.invoke(NativeMethodAccessorImpl.java:62)
at java.base/jdk.internal.reflect.DelegatingMethodAccessorImpl.invoke(DelegatingMethodAccessorImpl.java:43)
at java.base/java.lang.reflect.Method.invoke(Method.java:567)
at org.testng.internal.MethodInvocationHelper.invokeMethod(MethodInvocationHelper.java:135)
at org.testng.internal.TestInvoker.invokeMethod(TestInvoker.java:598)
at org.testng.internal.TestInvoker.invokeTestMethod(TestInvoker.java:174)
at org.testng.internal.MethodRunner.runInSequence(MethodRunner.java:46)
at org.testng.internal.TestInvoker$MethodInvocationAgent.invoke(TestInvoker.java:821)
at org.testng.internal.TestInvoker.invokeTestMethods(TestInvoker.java:147)
at org.testng.internal.TestMethodWorker.invokeTestMethods(TestMethodWorker.java:146)
at org.testng.internal.TestMethodWorker.run(TestMethodWorker.java:128)
at java.base/java.util.ArrayList.forEach(ArrayList.java:1507)
at org.testng.TestRunner.privateRun(TestRunner.java:767)
at org.testng.TestRunner.run(TestRunner.java:588)
at org.testng.SuiteRunner.runTest(SuiteRunner.java:384)
at org.testng.SuiteRunner.runSequentially(SuiteRunner.java:378)
at org.testng.SuiteRunner.privateRun(SuiteRunner.java:337)
at org.testng.SuiteRunner.run(SuiteRunner.java:286)
at org.testng.SuiteRunnerWorker.runSuite(SuiteRunnerWorker.java:53)
at org.testng.SuiteRunnerWorker.run(SuiteRunnerWorker.java:96)
at org.testng.TestNG.runSuitesSequentially(TestNG.java:1214)
at org.testng.TestNG.runSuitesLocally(TestNG.java:1136)
at org.testng.TestNG.runSuites(TestNG.java:1066)
at org.testng.TestNG.run(TestNG.java:1034)
at org.testng.remote.AbstractRemoteTestNG.run(AbstractRemoteTestNG.java:115)
at org.testng.remote.RemoteTestNG.initAndRun(RemoteTestNG.java:251)
at org.testng.remote.RemoteTestNG.main(RemoteTestNG.java:77)
]]>
    </error>
  </testcase> <!-- invalidLogin2 -->
  <system-out/>
  <testcase classname="tests.LoginTest" name="invalidLogin3" time="1.182">
    <error message="element click intercepted: Element &lt;a data-click-key=&quot;common.page_header.click.header_right_nav_button&quot; data-click-value=&quot;{&amp;quot;href&amp;quot;:{&amp;quot;pathname&amp;quot;:&amp;quot;/&amp;quot;,&amp;quot;query&amp;quot;:{&amp;quot;authMode&amp;quot;:&amp;quot;login&amp;quot;}},&amp;quot;name&amp;quot;:&amp;quot;login&amp;quot;,&amp;quot;namespace&amp;quot;:{&amp;quot;action&amp;quot;:&amp;quot;click&amp;quot;,&amp;quot;app&amp;quot;:&amp;quot;common&amp;quot;,&amp;quot;component&amp;quot;:&amp;quot;header_right_nav_button&amp;quot;,&amp;quot;page&amp;quot;:&amp;quot;page_header&amp;quot;},&amp;quot;schema_type&amp;quot;:&amp;quot;FRONTEND&amp;quot;}&quot; data-track=&quot;true&quot; data-track-app=&quot;common&quot; data-track-page=&quot;page_header&quot; data-track-action=&quot;click&quot; data-track-component=&quot;header_right_nav_button&quot; data-track-href=&quot;[object Object]&quot; href=&quot;/?authMode=login&quot; class=&quot;&quot; role=&quot;menuitem&quot; rel=&quot;&quot;&gt;...&lt;/a&gt; is not clickable at point (1174, 32). Other element would receive the click: &lt;div class=&quot;c-modal-content&quot;&gt;...&lt;/div&gt;
  (Session info: chrome=83.0.4103.97)
Build info: version: &#039;3.141.59&#039;, revision: &#039;e82be7d358&#039;, time: &#039;2018-11-14T08:17:03&#039;
System info: host: &#039;LAPTOP-C934F65Q&#039;, ip: &#039;192.168.43.49&#039;, os.name: &#039;Windows 10&#039;, os.arch: &#039;amd64&#039;, os.version: &#039;10.0&#039;, java.version: &#039;13.0.2&#039;
Driver info: org.openqa.selenium.chrome.ChromeDriver
Capabilities {acceptInsecureCerts: false, browserName: chrome, browserVersion: 83.0.4103.97, chrome: {chromedriverVersion: 83.0.4103.39 (ccbf011cb2d2b..., userDataDir: C:\Users\swath\AppData\Loca...}, goog:chromeOptions: {debuggerAddress: localhost:62310}, javascriptEnabled: true, networkConnectionEnabled: false, pageLoadStrategy: normal, platform: WINDOWS, platformName: WINDOWS, proxy: Proxy(), setWindowRect: true, strictFileInteractability: false, timeouts: {implicit: 0, pageLoad: 300000, script: 30000}, unhandledPromptBehavior: dismiss and notify, webauthn:virtualAuthenticators: true}
Session ID: 4893d50bf984945492ab4ad274ea5f3f" type="org.openqa.selenium.ElementClickInterceptedException">
      <![CDATA[org.openqa.selenium.ElementClickInterceptedException: element click intercepted: Element <a data-click-key="common.page_header.click.header_right_nav_button" data-click-value="{&quot;href&quot;:{&quot;pathname&quot;:&quot;/&quot;,&quot;query&quot;:{&quot;authMode&quot;:&quot;login&quot;}},&quot;name&quot;:&quot;login&quot;,&quot;namespace&quot;:{&quot;action&quot;:&quot;click&quot;,&quot;app&quot;:&quot;common&quot;,&quot;component&quot;:&quot;header_right_nav_button&quot;,&quot;page&quot;:&quot;page_header&quot;},&quot;schema_type&quot;:&quot;FRONTEND&quot;}" data-track="true" data-track-app="common" data-track-page="page_header" data-track-action="click" data-track-component="header_right_nav_button" data-track-href="[object Object]" href="/?authMode=login" class="" role="menuitem" rel="">...</a> is not clickable at point (1174, 32). Other element would receive the click: <div class="c-modal-content">...</div>
  (Session info: chrome=83.0.4103.97)
Build info: version: '3.141.59', revision: 'e82be7d358', time: '2018-11-14T08:17:03'
System info: host: 'LAPTOP-C934F65Q', ip: '192.168.43.49', os.name: 'Windows 10', os.arch: 'amd64', os.version: '10.0', java.version: '13.0.2'
Driver info: org.openqa.selenium.chrome.ChromeDriver
Capabilities {acceptInsecureCerts: false, browserName: chrome, browserVersion: 83.0.4103.97, chrome: {chromedriverVersion: 83.0.4103.39 (ccbf011cb2d2b..., userDataDir: C:\Users\swath\AppData\Loca...}, goog:chromeOptions: {debuggerAddress: localhost:62310}, javascriptEnabled: true, networkConnectionEnabled: false, pageLoadStrategy: normal, platform: WINDOWS, platformName: WINDOWS, proxy: Proxy(), setWindowRect: true, strictFileInteractability: false, timeouts: {implicit: 0, pageLoad: 300000, script: 30000}, unhandledPromptBehavior: dismiss and notify, webauthn:virtualAuthenticators: true}
Session ID: 4893d50bf984945492ab4ad274ea5f3f
at java.base/jdk.internal.reflect.NativeConstructorAccessorImpl.newInstance0(Native Method)
at java.base/jdk.internal.reflect.NativeConstructorAccessorImpl.newInstance(NativeConstructorAccessorImpl.java:62)
at java.base/jdk.internal.reflect.DelegatingConstructorAccessorImpl.newInstance(DelegatingConstructorAccessorImpl.java:45)
at java.base/java.lang.reflect.Constructor.newInstanceWithCaller(Constructor.java:500)
at java.base/java.lang.reflect.Constructor.newInstance(Constructor.java:481)
at org.openqa.selenium.remote.http.W3CHttpResponseCodec.createException(W3CHttpResponseCodec.java:187)
at org.openqa.selenium.remote.http.W3CHttpResponseCodec.decode(W3CHttpResponseCodec.java:122)
at org.openqa.selenium.remote.http.W3CHttpResponseCodec.decode(W3CHttpResponseCodec.java:49)
at org.openqa.selenium.remote.HttpCommandExecutor.execute(HttpCommandExecutor.java:158)
at org.openqa.selenium.remote.service.DriverCommandExecutor.execute(DriverCommandExecutor.java:83)
at org.openqa.selenium.remote.RemoteWebDriver.execute(RemoteWebDriver.java:552)
at org.openqa.selenium.remote.RemoteWebElement.execute(RemoteWebElement.java:285)
at org.openqa.selenium.remote.RemoteWebElement.click(RemoteWebElement.java:84)
at webPages.LoginPage.loginViaUN_PASS(LoginPage.java:16)
at tests.LoginTest.invalidLogin3(LoginTest.java:65)
at java.base/jdk.internal.reflect.NativeMethodAccessorImpl.invoke0(Native Method)
at java.base/jdk.internal.reflect.NativeMethodAccessorImpl.invoke(NativeMethodAccessorImpl.java:62)
at java.base/jdk.internal.reflect.DelegatingMethodAccessorImpl.invoke(DelegatingMethodAccessorImpl.java:43)
at java.base/java.lang.reflect.Method.invoke(Method.java:567)
at org.testng.internal.MethodInvocationHelper.invokeMethod(MethodInvocationHelper.java:135)
at org.testng.internal.TestInvoker.invokeMethod(TestInvoker.java:598)
at org.testng.internal.TestInvoker.invokeTestMethod(TestInvoker.java:174)
at org.testng.internal.MethodRunner.runInSequence(MethodRunner.java:46)
at org.testng.internal.TestInvoker$MethodInvocationAgent.invoke(TestInvoker.java:821)
at org.testng.internal.TestInvoker.invokeTestMethods(TestInvoker.java:147)
at org.testng.internal.TestMethodWorker.invokeTestMethods(TestMethodWorker.java:146)
at org.testng.internal.TestMethodWorker.run(TestMethodWorker.java:128)
at java.base/java.util.ArrayList.forEach(ArrayList.java:1507)
at org.testng.TestRunner.privateRun(TestRunner.java:767)
at org.testng.TestRunner.run(TestRunner.java:588)
at org.testng.SuiteRunner.runTest(SuiteRunner.java:384)
at org.testng.SuiteRunner.runSequentially(SuiteRunner.java:378)
at org.testng.SuiteRunner.privateRun(SuiteRunner.java:337)
at org.testng.SuiteRunner.run(SuiteRunner.java:286)
at org.testng.SuiteRunnerWorker.runSuite(SuiteRunnerWorker.java:53)
at org.testng.SuiteRunnerWorker.run(SuiteRunnerWorker.java:96)
at org.testng.TestNG.runSuitesSequentially(TestNG.java:1214)
at org.testng.TestNG.runSuitesLocally(TestNG.java:1136)
at org.testng.TestNG.runSuites(TestNG.java:1066)
at org.testng.TestNG.run(TestNG.java:1034)
at org.testng.remote.AbstractRemoteTestNG.run(AbstractRemoteTestNG.java:115)
at org.testng.remote.RemoteTestNG.initAndRun(RemoteTestNG.java:251)
at org.testng.remote.RemoteTestNG.main(RemoteTestNG.java:77)
]]>
    </error>
  </testcase> <!-- invalidLogin3 -->
  <system-out/>
</testsuite> <!-- tests.LoginTest -->
